Game/Unreal Project/GravitySpace/Intermediate/Android/arm64/gradle/app/build/intermediates/manifest_merge_blame_file/debug/manifest-merger-blame-debug-report.txt
1<?xml version="1.0" encoding="utf-8"?>
2<manifest xmlns:android="http://schemas.android.com/apk/res/android"
3    package="com.ZmassProductions.GravitySpace"
4    android:installLocation="auto"
5    android:versionCode="1"
6    android:versionName="1.0" >
7
8    <uses-sdk
9        android:minSdkVersion="21"
9-->src\main\AndroidManifest.xml
10        android:targetSdkVersion="28" />
10-->src\main\AndroidManifest.xml
11    <!-- Requirements -->
12    <uses-feature
12-->src\main\AndroidManifest.xml:53:3-76
13        android:glEsVersion="0x00030002"
13-->src\main\AndroidManifest.xml:53:17-49
14        android:required="true" />
14-->src\main\AndroidManifest.xml:53:50-73
15
16    <uses-permission android:name="android.permission.INTERNET" />
16-->src\main\AndroidManifest.xml:54:3-65
16-->src\main\AndroidManifest.xml:54:20-62
17    <uses-permission android:name="android.permission.WRITE_EXTERNAL_STORAGE" />
17-->src\main\AndroidManifest.xml:55:3-79
17-->src\main\AndroidManifest.xml:55:20-76
18    <uses-permission android:name="android.permission.ACCESS_NETWORK_STATE" />
18-->src\main\AndroidManifest.xml:56:3-77
18-->src\main\AndroidManifest.xml:56:20-74
19    <uses-permission android:name="android.permission.WAKE_LOCK" />
19-->src\main\AndroidManifest.xml:57:3-66
19-->src\main\AndroidManifest.xml:57:20-63
20    <uses-permission android:name="com.android.vending.CHECK_LICENSE" />
20-->src\main\AndroidManifest.xml:58:3-71
20-->src\main\AndroidManifest.xml:58:20-68
21    <uses-permission android:name="android.permission.ACCESS_WIFI_STATE" />
21-->src\main\AndroidManifest.xml:59:3-74
21-->src\main\AndroidManifest.xml:59:20-71
22    <uses-permission android:name="android.permission.MODIFY_AUDIO_SETTINGS" />
22-->src\main\AndroidManifest.xml:60:3-78
22-->src\main\AndroidManifest.xml:60:20-75
23    <uses-permission android:name="android.permission.VIBRATE" />
23-->src\main\AndroidManifest.xml:61:3-64
23-->src\main\AndroidManifest.xml:61:20-61
24    <uses-permission android:name="com.android.vending.BILLING" />
24-->src\main\AndroidManifest.xml:62:3-65
24-->src\main\AndroidManifest.xml:62:20-62
25    <!-- Application Definition -->
26    <application
26-->src\main\AndroidManifest.xml:3:3-51:17
27        android:name="com.epicgames.unreal.GameApplication"
27-->src\main\AndroidManifest.xml:3:147-198
28        android:appComponentFactory="androidx.core.app.CoreComponentFactory"
28-->[androidx.core:core:1.0.0] AndroidManifest.xml:22:18-86
29        android:debuggable="true"
30        android:extractNativeLibs="true"
30-->src\main\AndroidManifest.xml:3:114-146
31        android:hardwareAccelerated="true"
31-->src\main\AndroidManifest.xml:3:79-113
32        android:hasCode="true"
32-->src\main\AndroidManifest.xml:3:243-265
33        android:icon="@drawable/icon"
33-->src\main\AndroidManifest.xml:3:49-78
34        android:label="@string/app_name"
34-->src\main\AndroidManifest.xml:3:16-48
35        android:requestLegacyExternalStorage="true" >
35-->src\main\AndroidManifest.xml:3:199-242
36        <activity
36-->src\main\AndroidManifest.xml:4:5-9:16
37            android:name="com.epicgames.unreal.SplashActivity"
37-->src\main\AndroidManifest.xml:4:15-65
38            android:debuggable="true"
38-->src\main\AndroidManifest.xml:4:274-299
39            android:exported="true"
39-->src\main\AndroidManifest.xml:4:66-89
40            android:label="@string/app_name"
40-->src\main\AndroidManifest.xml:4:90-122
41            android:launchMode="singleTask"
41-->src\main\AndroidManifest.xml:4:164-195
42            android:resizeableActivity="false"
42-->src\main\AndroidManifest.xml:4:196-230
43            android:screenOrientation="sensorPortrait"
43-->src\main\AndroidManifest.xml:4:231-273
44            android:theme="@style/UnrealSplashTheme" >
44-->src\main\AndroidManifest.xml:4:123-163
45            <intent-filter>
45-->src\main\AndroidManifest.xml:5:7-8:23
46                <action android:name="android.intent.action.MAIN" />
46-->src\main\AndroidManifest.xml:6:9-61
46-->src\main\AndroidManifest.xml:6:17-58
47
48                <category android:name="android.intent.category.LAUNCHER" />
48-->src\main\AndroidManifest.xml:7:9-69
48-->src\main\AndroidManifest.xml:7:19-66
49            </intent-filter>
50        </activity>
51        <activity
51-->src\main\AndroidManifest.xml:10:5-12:16
52            android:name="com.epicgames.unreal.GameActivity"
52-->src\main\AndroidManifest.xml:10:15-63
53            android:configChanges="mcc|mnc|uiMode|density|screenSize|smallestScreenSize|screenLayout|orientation|keyboardHidden|keyboard|navigation|touchscreen|locale|fontScale|layoutDirection"
53-->src\main\AndroidManifest.xml:10:138-319
54            android:debuggable="true"
54-->src\main\AndroidManifest.xml:10:430-455
55            android:label="@string/app_name"
55-->src\main\AndroidManifest.xml:10:64-96
56            android:launchMode="singleTask"
56-->src\main\AndroidManifest.xml:10:355-386
57            android:resizeableActivity="false"
57-->src\main\AndroidManifest.xml:10:320-354
58            android:screenOrientation="sensorPortrait"
58-->src\main\AndroidManifest.xml:10:387-429
59            android:theme="@style/UnrealSplashTheme" >
59-->src\main\AndroidManifest.xml:10:97-137
60            <meta-data
60-->src\main\AndroidManifest.xml:11:7-79
61                android:name="android.app.lib_name"
61-->src\main\AndroidManifest.xml:11:18-53
62                android:value="Unreal" />
62-->src\main\AndroidManifest.xml:11:54-76
63        </activity>
64        <activity
64-->src\main\AndroidManifest.xml:13:5-230
65            android:name="com.ZmassProductions.GravitySpace.DownloaderActivity"
65-->src\main\AndroidManifest.xml:13:15-49
66            android:configChanges="mcc|mnc|uiMode|density|screenSize|orientation|keyboardHidden|keyboard"
66-->src\main\AndroidManifest.xml:13:93-186
67            android:screenOrientation="sensorPortrait"
67-->src\main\AndroidManifest.xml:13:50-92
68            android:theme="@style/UnrealSplashTheme" />
68-->src\main\AndroidManifest.xml:13:187-227
69
70        <meta-data
70-->src\main\AndroidManifest.xml:14:5-103
71            android:name="com.epicgames.unreal.GameActivity.EngineVersion"
71-->src\main\AndroidManifest.xml:14:16-78
72            android:value="5.0.3" />
72-->src\main\AndroidManifest.xml:14:79-100
73        <meta-data
73-->src\main\AndroidManifest.xml:15:5-114
74            android:name="com.epicgames.unreal.GameActivity.EngineBranch"
74-->src\main\AndroidManifest.xml:15:16-77
75            android:value="++UE5+Release-5.0" />
75-->src\main\AndroidManifest.xml:15:78-111
76        <meta-data
76-->src\main\AndroidManifest.xml:16:5-106
77            android:name="com.epicgames.unreal.GameActivity.ProjectVersion"
77-->src\main\AndroidManifest.xml:16:16-79
78            android:value="1.0.0.0" />
78-->src\main\AndroidManifest.xml:16:80-103
79        <meta-data
79-->src\main\AndroidManifest.xml:17:5-107
80            android:name="com.epicgames.unreal.GameActivity.DepthBufferPreference"
80-->src\main\AndroidManifest.xml:17:16-86
81            android:value="0" />
81-->src\main\AndroidManifest.xml:17:87-104
82        <meta-data
82-->src\main\AndroidManifest.xml:18:5-111
83            android:name="com.epicgames.unreal.GameActivity.bPackageDataInsideApk"
83-->src\main\AndroidManifest.xml:18:16-86
84            android:value="false" />
84-->src\main\AndroidManifest.xml:18:87-108
85        <meta-data
85-->src\main\AndroidManifest.xml:19:5-109
86            android:name="com.epicgames.unreal.GameActivity.bVerifyOBBOnStartUp"
86-->src\main\AndroidManifest.xml:19:16-84
87            android:value="false" />
87-->src\main\AndroidManifest.xml:19:85-106
88        <meta-data
88-->src\main\AndroidManifest.xml:20:5-102
89            android:name="com.epicgames.unreal.GameActivity.bShouldHideUI"
89-->src\main\AndroidManifest.xml:20:16-78
90            android:value="true" />
90-->src\main\AndroidManifest.xml:20:79-99
91        <meta-data
91-->src\main\AndroidManifest.xml:21:5-108
92            android:name="com.epicgames.unreal.GameActivity.ProjectName"
92-->src\main\AndroidManifest.xml:21:16-76
93            android:value="GravitySpace" />
93-->src\main\AndroidManifest.xml:21:77-105
94        <meta-data
94-->src\main\AndroidManifest.xml:22:5-92
95            android:name="com.epicgames.unreal.GameActivity.AppType"
95-->src\main\AndroidManifest.xml:22:16-72
96            android:value="" />
96-->src\main\AndroidManifest.xml:22:73-89
97        <meta-data
97-->src\main\AndroidManifest.xml:23:5-102
98            android:name="com.epicgames.unreal.GameActivity.bHasOBBFiles"
98-->src\main\AndroidManifest.xml:23:16-77
99            android:value="false" />
99-->src\main\AndroidManifest.xml:23:78-99
100        <meta-data
100-->src\main\AndroidManifest.xml:24:5-114
101            android:name="com.epicgames.unreal.GameActivity.BuildConfiguration"
101-->src\main\AndroidManifest.xml:24:16-83
102            android:value="Development" />
102-->src\main\AndroidManifest.xml:24:84-111
103        <meta-data
103-->src\main\AndroidManifest.xml:25:5-111
104            android:name="com.epicgames.unreal.GameActivity.CookedFlavors"
104-->src\main\AndroidManifest.xml:25:16-78
105            android:value="ETC2,DXT,ASTC" />
105-->src\main\AndroidManifest.xml:25:79-108
106        <meta-data
106-->src\main\AndroidManifest.xml:26:5-112
107            android:name="com.epicgames.unreal.GameActivity.bValidateTextureFormats"
107-->src\main\AndroidManifest.xml:26:16-88
108            android:value="true" />
108-->src\main\AndroidManifest.xml:26:89-109
109        <meta-data
109-->src\main\AndroidManifest.xml:27:5-109
110            android:name="com.epicgames.unreal.GameActivity.bUseExternalFilesDir"
110-->src\main\AndroidManifest.xml:27:16-85
111            android:value="true" />
111-->src\main\AndroidManifest.xml:27:86-106
112        <meta-data
112-->src\main\AndroidManifest.xml:28:5-105
113            android:name="com.epicgames.unreal.GameActivity.bPublicLogFiles"
113-->src\main\AndroidManifest.xml:28:16-80
114            android:value="false" />
114-->src\main\AndroidManifest.xml:28:81-102
115        <meta-data
115-->src\main\AndroidManifest.xml:29:5-106
116            android:name="com.epicgames.unreal.GameActivity.bUseDisplayCutout"
116-->src\main\AndroidManifest.xml:29:16-82
117            android:value="true" />
117-->src\main\AndroidManifest.xml:29:83-103
118        <meta-data
118-->src\main\AndroidManifest.xml:30:5-99
119            android:name="com.epicgames.unreal.GameActivity.bAllowIMU"
119-->src\main\AndroidManifest.xml:30:16-74
120            android:value="false" />
120-->src\main\AndroidManifest.xml:30:75-96
121        <meta-data
121-->src\main\AndroidManifest.xml:31:5-104
122            android:name="com.epicgames.unreal.GameActivity.bSupportsVulkan"
122-->src\main\AndroidManifest.xml:31:16-80
123            android:value="true" />
123-->src\main\AndroidManifest.xml:31:81-101
124        <meta-data
124-->src\main\AndroidManifest.xml:32:5-144
125            android:name="com.epicgames.unreal.GameActivity.StartupPermissions"
125-->src\main\AndroidManifest.xml:32:16-83
126            android:value="android.permission.WRITE_EXTERNAL_STORAGE" />
126-->src\main\AndroidManifest.xml:32:84-141
127        <meta-data
127-->src\main\AndroidManifest.xml:33:5-100
128            android:name="com.google.android.gms.games.APP_ID"
128-->src\main\AndroidManifest.xml:33:16-66
129            android:value="@string/app_id" />
129-->src\main\AndroidManifest.xml:33:67-97
130        <meta-data
130-->src\main\AndroidManifest.xml:34:5-118
131            android:name="com.google.android.gms.version"
131-->src\main\AndroidManifest.xml:34:16-61
132            android:value="@integer/google_play_services_version" />
132-->src\main\AndroidManifest.xml:34:62-115
133
134        <activity
134-->src\main\AndroidManifest.xml:35:5-180
135            android:name="com.google.android.gms.ads.AdActivity"
135-->src\main\AndroidManifest.xml:35:15-67
136            android:configChanges="keyboard|keyboardHidden|orientation|screenLayout|uiMode|screenSize|smallestScreenSize" />
136-->src\main\AndroidManifest.xml:35:68-177
137
138        <service android:name="com.ZmassProductions.GravitySpace.OBBDownloaderService" />
138-->src\main\AndroidManifest.xml:36:5-52
138-->src\main\AndroidManifest.xml:36:14-49
139
140        <receiver android:name="com.ZmassProductions.GravitySpace.AlarmReceiver" />
140-->src\main\AndroidManifest.xml:37:5-46
140-->src\main\AndroidManifest.xml:37:15-43
141        <receiver android:name="com.epicgames.unreal.LocalNotificationReceiver" />
141-->src\main\AndroidManifest.xml:38:5-79
141-->src\main\AndroidManifest.xml:38:15-76
142        <receiver
142-->src\main\AndroidManifest.xml:39:5-43:16
143            android:name="com.epicgames.unreal.MulticastBroadcastReceiver"
143-->src\main\AndroidManifest.xml:39:15-77
144            android:exported="true" >
144-->src\main\AndroidManifest.xml:39:78-101
145            <intent-filter>
145-->src\main\AndroidManifest.xml:40:7-42:23
146                <action android:name="com.android.vending.INSTALL_REFERRER" />
146-->src\main\AndroidManifest.xml:41:9-71
146-->src\main\AndroidManifest.xml:41:17-68
147            </intent-filter>
148        </receiver>
149
150        <meta-data
150-->src\main\AndroidManifest.xml:44:5-80
151            android:name="android.max_aspect"
151-->src\main\AndroidManifest.xml:44:16-49
152            android:value="21900000.00" />
152-->src\main\AndroidManifest.xml:44:50-77
153
154        <receiver
154-->src\main\AndroidManifest.xml:45:5-49:16
155            android:name="com.epicgames.unreal.RemoteFileManagerReceiver"
155-->src\main\AndroidManifest.xml:45:15-76
156            android:exported="true" >
156-->src\main\AndroidManifest.xml:45:77-100
157            <intent-filter>
157-->src\main\AndroidManifest.xml:46:7-48:23
158                <action android:name="com.epicgames.unreal.RemoteFileManager.intent.COMMAND" />
158-->src\main\AndroidManifest.xml:47:9-88
158-->src\main\AndroidManifest.xml:47:17-85
159            </intent-filter>
160        </receiver>
161
162        <meta-data
162-->src\main\AndroidManifest.xml:50:5-117
163            android:name="com.epicgames.unreal.RemoteFileManager.bAllowNetworkConnection"
163-->src\main\AndroidManifest.xml:50:16-93
164            android:value="true" />
164-->src\main\AndroidManifest.xml:50:94-114
165
166        <activity
166-->[com.google.android.gms:play-services-auth:11.8.0] AndroidManifest.xml:23:9-27:75
167            android:name="com.google.android.gms.auth.api.signin.internal.SignInHubActivity"
167-->[com.google.android.gms:play-services-auth:11.8.0] AndroidManifest.xml:24:13-93
168            android:excludeFromRecents="true"
168-->[com.google.android.gms:play-services-auth:11.8.0] AndroidManifest.xml:25:13-46
169            android:exported="false"
169-->[com.google.android.gms:play-services-auth:11.8.0] AndroidManifest.xml:26:13-37
170            android:theme="@android:style/Theme.Translucent.NoTitleBar" />
170-->[com.google.android.gms:play-services-auth:11.8.0] AndroidManifest.xml:27:13-72
171        <!--
172            Service handling Google Sign-In user revocation. For apps that do not integrate with
173            Google Sign-In, this service will never be started.
174        -->
175        <service
175-->[com.google.android.gms:play-services-auth:11.8.0] AndroidManifest.xml:33:9-36:110
176            android:name="com.google.android.gms.auth.api.signin.RevocationBoundService"
176-->[com.google.android.gms:play-services-auth:11.8.0] AndroidManifest.xml:34:13-89
177            android:exported="true"
177-->[com.google.android.gms:play-services-auth:11.8.0] AndroidManifest.xml:35:13-36
178            android:permission="com.google.android.gms.auth.api.signin.permission.REVOCATION_NOTIFICATION" />
178-->[com.google.android.gms:play-services-auth:11.8.0] AndroidManifest.xml:36:13-107
179
180        <meta-data
180-->[com.android.billingclient:billing:3.0.0] AndroidManifest.xml:13:9-15:37
181            android:name="com.google.android.play.billingclient.version"
181-->[com.android.billingclient:billing:3.0.0] AndroidManifest.xml:14:13-73
182            android:value="3.0.0" />
182-->[com.android.billingclient:billing:3.0.0] AndroidManifest.xml:15:13-34
183
184        <activity
184-->[com.android.billingclient:billing:3.0.0] AndroidManifest.xml:17:9-20:75
185            android:name="com.android.billingclient.api.ProxyBillingActivity"
185-->[com.android.billingclient:billing:3.0.0] AndroidManifest.xml:18:13-78
186            android:configChanges="keyboard|keyboardHidden|screenLayout|screenSize|orientation"
186-->[com.android.billingclient:billing:3.0.0] AndroidManifest.xml:19:13-96
187            android:theme="@android:style/Theme.Translucent.NoTitleBar" />
187-->[com.android.billingclient:billing:3.0.0] AndroidManifest.xml:20:13-72
188        <activity
188-->[com.google.android.gms:play-services-base:11.8.0] AndroidManifest.xml:23:9-26:75
189            android:name="com.google.android.gms.common.api.GoogleApiActivity"
189-->[com.google.android.gms:play-services-base:11.8.0] AndroidManifest.xml:24:13-79
190            android:exported="false"
190-->[com.google.android.gms:play-services-base:11.8.0] AndroidManifest.xml:25:13-37
191            android:theme="@android:style/Theme.Translucent.NoTitleBar" />
191-->[com.google.android.gms:play-services-base:11.8.0] AndroidManifest.xml:26:13-72
192
193        <provider
193-->[androidx.lifecycle:lifecycle-process:2.0.0] AndroidManifest.xml:23:9-27:43
194            android:name="androidx.lifecycle.ProcessLifecycleOwnerInitializer"
194-->[androidx.lifecycle:lifecycle-process:2.0.0] AndroidManifest.xml:24:13-79
195            android:authorities="com.ZmassProductions.GravitySpace.lifecycle-process"
195-->[androidx.lifecycle:lifecycle-process:2.0.0] AndroidManifest.xml:25:13-69
196            android:exported="false"
196-->[androidx.lifecycle:lifecycle-process:2.0.0] AndroidManifest.xml:26:13-37
197            android:multiprocess="true" />
197-->[androidx.lifecycle:lifecycle-process:2.0.0] AndroidManifest.xml:27:13-40
198    </application>
199
200</manifest>